  Animals.cpp
C:\Users\user\CPP_PJ\CPP_Basic0913\CPP_BASIC2\Io.h(1,1): warning C4819: 현재 코드 페이지(949)에서 표시할 수 없는 문자가 파일에 들어 있습니다. 데이터가 손실되지 않게 하려면 해당 파일을 유니코드 형식으로 저장하십시오.
C:\Users\user\CPP_PJ\CPP_Basic0913\CPP_BASIC2\Io.h(1,1): warning C4819: 현재 코드 페이지(949)에서 표시할 수 없는 문자가 파일에 들어 있습니다. 데이터가 손실되지 않게 하려면 해당 파일을 유니코드 형식으로 저장하십시오.
C:\Users\user\CPP_PJ\CPP_Basic0913\CPP_BASIC2\Animals.cpp(10,9): error C2084: 'Animal::Animal(int,int)' 함수에 이미 본문이 있습니다.
C:\Users\user\CPP_PJ\CPP_Basic0913\CPP_BASIC2\Animal.h(14,5): message : '{ctor}'의 이전 정의를 참조하십시오.
  CH07_pointer.cpp
C:\Users\user\CPP_PJ\CPP_Basic0913\CPP_BASIC2\io.h(1,1): warning C4819: 현재 코드 페이지(949)에서 표시할 수 없는 문자가 파일에 들어 있습니다. 데이터가 손실되지 않게 하려면 해당 파일을 유니코드 형식으로 저장하십시오.
  CH11_ArrayClass.cpp
C:\Users\user\CPP_PJ\CPP_Basic0913\CPP_BASIC2\Io.h(1,1): warning C4819: 현재 코드 페이지(949)에서 표시할 수 없는 문자가 파일에 들어 있습니다. 데이터가 손실되지 않게 하려면 해당 파일을 유니코드 형식으로 저장하십시오.
  CH12_StringClass.cpp
C:\Users\user\CPP_PJ\CPP_Basic0913\CPP_BASIC2\Io.h(1,1): warning C4819: 현재 코드 페이지(949)에서 표시할 수 없는 문자가 파일에 들어 있습니다. 데이터가 손실되지 않게 하려면 해당 파일을 유니코드 형식으로 저장하십시오.
  CH16_Template.cpp
C:\Users\user\CPP_PJ\CPP_Basic0913\CPP_BASIC2\Io.h(1,1): warning C4819: 현재 코드 페이지(949)에서 표시할 수 없는 문자가 파일에 들어 있습니다. 데이터가 손실되지 않게 하려면 해당 파일을 유니코드 형식으로 저장하십시오.
  Main.cpp
C:\Users\user\CPP_PJ\CPP_Basic0913\CPP_BASIC2\io.h(1,1): warning C4819: 현재 코드 페이지(949)에서 표시할 수 없는 문자가 파일에 들어 있습니다. 데이터가 손실되지 않게 하려면 해당 파일을 유니코드 형식으로 저장하십시오.
C:\Users\user\CPP_PJ\CPP_Basic0913\CPP_BASIC2\io.h(1,1): warning C4819: 현재 코드 페이지(949)에서 표시할 수 없는 문자가 파일에 들어 있습니다. 데이터가 손실되지 않게 하려면 해당 파일을 유니코드 형식으로 저장하십시오.
C:\Users\user\CPP_PJ\CPP_Basic0913\CPP_BASIC2\io.h(1,1): warning C4819: 현재 코드 페이지(949)에서 표시할 수 없는 문자가 파일에 들어 있습니다. 데이터가 손실되지 않게 하려면 해당 파일을 유니코드 형식으로 저장하십시오.
C:\Users\user\CPP_PJ\CPP_Basic0913\CPP_BASIC2\Arithmatic.h(1,9): warning C4068: 알 수 없는 pragma 'on'
C:\Users\user\CPP_PJ\CPP_Basic0913\CPP_BASIC2\io.h(1,1): warning C4819: 현재 코드 페이지(949)에서 표시할 수 없는 문자가 파일에 들어 있습니다. 데이터가 손실되지 않게 하려면 해당 파일을 유니코드 형식으로 저장하십시오.
C:\Users\user\CPP_PJ\CPP_Basic0913\CPP_BASIC2\io.h(1,1): warning C4819: 현재 코드 페이지(949)에서 표시할 수 없는 문자가 파일에 들어 있습니다. 데이터가 손실되지 않게 하려면 해당 파일을 유니코드 형식으로 저장하십시오.
C:\Users\user\CPP_PJ\CPP_Basic0913\CPP_BASIC2\io.h(1,1): warning C4819: 현재 코드 페이지(949)에서 표시할 수 없는 문자가 파일에 들어 있습니다. 데이터가 손실되지 않게 하려면 해당 파일을 유니코드 형식으로 저장하십시오.
C:\Users\user\CPP_PJ\CPP_Basic0913\CPP_BASIC2\io.h(1,1): warning C4819: 현재 코드 페이지(949)에서 표시할 수 없는 문자가 파일에 들어 있습니다. 데이터가 손실되지 않게 하려면 해당 파일을 유니코드 형식으로 저장하십시오.
  코드를 생성하고 있습니다...
